-------------------------------------------------------------------------------
Test set: com.misacordes.application.services.SongAnalyticsAsyncServiceTest
-------------------------------------------------------------------------------
Tests run: 5, Failures: 1, Errors: 0, Skipped: 0, Time elapsed: 0.076 s <<< FAILURE! -- in com.misacordes.application.services.SongAnalyticsAsyncServiceTest
com.misacordes.application.services.SongAnalyticsAsyncServiceTest.processMultipleSongsAnalyticsAsync_ShouldProcessAllSongs -- Time elapsed: 0.018 s <<< FAILURE!
Wanted but not invoked:
songAnalyticsService.analyzeSongChords(
    <any com.misacordes.application.entities.Song>
);
-> at com.misacordes.application.services.SongAnalyticsService.analyzeSongChords(SongAnalyticsService.java:29)
Actually, there were zero interactions with this mock.

	at com.misacordes.application.services.SongAnalyticsService.analyzeSongChords(SongAnalyticsService.java:29)
	at com.misacordes.application.services.SongAnalyticsAsyncServiceTest.processMultipleSongsAnalyticsAsync_ShouldProcessAllSongs(SongAnalyticsAsyncServiceTest.java:131)
	at java.base/java.lang.reflect.Method.invoke(Method.java:565)
	at java.base/java.util.ArrayList.forEach(ArrayList.java:1604)
	at java.base/java.util.ArrayList.forEach(ArrayList.java:1604)

